<?xml version="1.0" encoding="UTF-8"?>
<testsuite xmlns:xsi="http://www.w3.org/2001/XMLSchema-instance" xsi:noNamespaceSchemaLocation="https://maven.apache.org/surefire/maven-surefire-plugin/xsd/surefire-test-report-3.0.xsd" version="3.0" name="com.mohamed.blog.BlogApplicationTests" time="2.499" tests="1" errors="0" skipped="0" failures="0">
  <properties>
[...]
</properties>
  <testcase name="contextLoads" classname="com.mohamed.blog.BlogApplicationTests" time="0.591">
    <system-out><![CDATA[
  .   ____          _            __ _ _
 /\\ / ___'_ __ _ _(_)_ __  __ _ \ \ \ \
( ( )\___ | '_ | '_| | '_ \/ _` | \ \ \ \
 \\/  ___)| |_)| | | | | || (_| |  ) ) ) )
  '  |____| .__|_| |_|_| |_\__, | / / / /
 =========|_|==============|___/=/_/_/_/
 :: Spring Boot ::                (v3.1.0)

2025-04-27T10:46:56.618+02:00  INFO 90856 --- [           main] com.mohamed.blog.BlogApplicationTests    : Starting BlogApplicationTests using Java 17.0.14 with PID 90856 (started by mohamed in /home/mohamed/Workspace/PersonalBlog/PersonalBlog)
2025-04-27T10:46:56.622+02:00  INFO 90856 --- [           main] com.mohamed.blog.BlogApplicationTests    : No active profile set, falling back to 1 default profile: "default"
2025-04-27T10:46:57.709+02:00  INFO 90856 --- [           main] o.s.b.a.w.s.WelcomePageHandlerMapping    : Adding welcome page template: index
2025-04-27T10:46:57.830+02:00  INFO 90856 --- [           main] o.s.s.web.DefaultSecurityFilterChain     : Will secure any request with [org.springframework.security.web.session.DisableEncodeUrlFilter@3e4e8fdf, org.springframework.security.web.context.request.async.WebAsyncManagerIntegrationFilter@6a1d6ef2, org.springframework.security.web.context.SecurityContextHolderFilter@1e95b653, org.springframework.security.web.header.HeaderWriterFilter@7d21852b, org.springframework.security.web.csrf.CsrfFilter@53c1179a, org.springframework.security.web.authentication.logout.LogoutFilter@5b5a4aed, org.springframework.security.web.authentication.UsernamePasswordAuthenticationFilter@5d342959, org.springframework.security.web.savedrequest.RequestCacheAwareFilter@4fc5563d, org.springframework.security.web.servletapi.SecurityContextHolderAwareRequestFilter@58606c91, org.springframework.security.web.authentication.AnonymousAuthenticationFilter@2721044, org.springframework.security.web.access.ExceptionTranslationFilter@27be17c8, org.springframework.security.web.access.intercept.AuthorizationFilter@66deec87]
2025-04-27T10:46:58.044+02:00  INFO 90856 --- [           main] com.mohamed.blog.BlogApplicationTests    : Started BlogApplicationTests in 1.654 seconds (process running for 2.2)
]]></system-out>
  </testcase>
</testsuite>